<?xml version="1.0" encoding="UTF-8"?>
<!-- Generated by org.testng.reporters.JUnitReportReporter -->
<testsuite hostname="PHQVMW7065" name="com.paf.externalportals.Writelog" tests="1" failures="0" timestamp="20 Oct 2016 16:54:04 GMT" time="1.092" errors="0">
  <testcase name="test" time="1.092" classname="com.paf.externalportals.Writelog"/>
</testsuite> <!-- com.paf.externalportals.Writelog -->
