<?xml version="1.0" encoding="UTF-8"?>
<!-- Generated by org.testng.reporters.JUnitReportReporter -->
<testsuite hostname="PHQVMW7065" name="com.paf.scripts.TC10_VerifyLandingPage_CPR" tests="1" failures="0" timestamp="22 Aug 2016 13:39:55 GMT" time="108.750" errors="0">
  <testcase name="test" time="108.750" classname="com.paf.scripts.TC10_VerifyLandingPage_CPR"/>
</testsuite> <!-- com.paf.scripts.TC10_VerifyLandingPage_CPR -->
