<?xml version="1.0" encoding="UTF-8"?>
<!-- Generated by org.testng.reporters.JUnitReportReporter -->
<testsuite hostname="PHQVMW7065" name="com.paf.scripts.TC1_SearchPatientbypatientid_CPR" tests="1" failures="0" timestamp="25 Aug 2016 18:07:46 GMT" time="96.026" errors="0">
  <testcase name="test" time="96.026" classname="com.paf.scripts.TC1_SearchPatientbypatientid_CPR"/>
</testsuite> <!-- com.paf.scripts.TC1_SearchPatientbypatientid_CPR -->
