<?xml version="1.0" encoding="UTF-8"?>
<!-- Generated by org.testng.reporters.JUnitReportReporter -->
<testsuite hostname="PHQVMW7065" name="com.paf.scripts.Logintest_Chrome" tests="1" failures="0" timestamp="24 May 2016 16:22:30 GMT" time="257.607" errors="0">
  <testcase name="test" time="257.607" classname="com.paf.scripts.Logintest_Chrome"/>
</testsuite> <!-- com.paf.scripts.Logintest_Chrome -->
