<?xml version="1.0" encoding="UTF-8"?>
<!-- Generated by org.testng.reporters.JUnitReportReporter -->
<testsuite hostname="PHQVMW7065" name="com.paf.scripts.TC1_SearchPatient_CPR" tests="1" failures="0" timestamp="29 Jul 2016 18:11:00 GMT" time="85.493" errors="0">
  <testcase name="test" time="85.493" classname="com.paf.scripts.TC1_SearchPatient_CPR"/>
</testsuite> <!-- com.paf.scripts.TC1_SearchPatient_CPR -->
