<?xml version="1.0" encoding="UTF-8"?>
<!-- Generated by org.testng.reporters.JUnitReportReporter -->
<testsuite hostname="PHQVMW7065" name="com.paf.scripts.TC6_SearchPatientbypatientlocation_LLS" tests="1" failures="0" timestamp="22 Aug 2016 19:39:54 GMT" time="82.896" errors="0">
  <testcase name="test" time="82.896" classname="com.paf.scripts.TC6_SearchPatientbypatientlocation_LLS"/>
</testsuite> <!-- com.paf.scripts.TC6_SearchPatientbypatientlocation_LLS -->
