<?xml version="1.0" encoding="UTF-8"?>
<!-- Generated by org.testng.reporters.JUnitReportReporter -->
<testsuite hostname="PHQVMW7065" name="com.paf.scripts.TC8_Wrapupprocess_LLS" tests="1" failures="0" timestamp="22 Aug 2016 20:02:05 GMT" time="111.137" errors="0">
  <testcase name="test" time="111.137" classname="com.paf.scripts.TC8_Wrapupprocess_LLS"/>
</testsuite> <!-- com.paf.scripts.TC8_Wrapupprocess_LLS -->
