<?xml version="1.0" encoding="UTF-8"?>
<!-- Generated by org.testng.reporters.JUnitReportReporter -->
<testsuite hostname="PHQVMW7065" name="com.paf.scripts.TC10_CreatePatient_CPR" tests="1" failures="0" timestamp="8 Aug 2016 17:30:57 GMT" time="426.191" errors="0">
  <testcase name="test" time="426.191" classname="com.paf.scripts.TC10_CreatePatient_CPR"/>
</testsuite> <!-- com.paf.scripts.TC10_CreatePatient_CPR -->
