<?xml version="1.0" encoding="UTF-8"?>
<!-- Generated by org.testng.reporters.JUnitReportReporter -->
<testsuite hostname="LAPTOP-AITJL72C" name="com.paf.scripts.Filetesting" tests="1" failures="0" timestamp="4 Oct 2017 22:49:48 GMT" time="15.426" errors="0">
  <testcase name="Filetest" time="15.426" classname="com.paf.scripts.Filetesting"/>
</testsuite> <!-- com.paf.scripts.Filetesting -->
