<?xml version="1.0" encoding="UTF-8"?>
<!-- Generated by org.testng.reporters.JUnitReportReporter -->
<testsuite hostname="PHQVMW7065" name="com.paf.scripts.TC6_SearchPatientbypatientlocation_CPR" tests="1" failures="0" timestamp="22 Aug 2016 11:46:45 GMT" time="84.701" errors="0">
  <testcase name="test" time="84.701" classname="com.paf.scripts.TC6_SearchPatientbypatientlocation_CPR"/>
</testsuite> <!-- com.paf.scripts.TC6_SearchPatientbypatientlocation_CPR -->
