<?xml version="1.0" encoding="UTF-8"?>
<!-- Generated by org.testng.reporters.JUnitReportReporter -->
<testsuite hostname="B2ML07078" name="Example.Oct19" tests="1" failures="0" timestamp="19 Oct 2014 12:29:14 GMT" time="18.306" errors="0">
  <testcase name="f" time="18.306" classname="Example.Oct19"/>
</testsuite> <!-- Example.Oct19 -->
