<?xml version="1.0" encoding="UTF-8"?>
<!-- Generated by org.testng.reporters.JUnitReportReporter -->
<testsuite hostname="PHQVMW7065" name="com.paf.scripts.TC12_CreatePatientwithinvalid_LLS" tests="1" failures="0" timestamp="22 Aug 2016 20:49:15 GMT" time="152.179" errors="0">
  <testcase name="test" time="152.179" classname="com.paf.scripts.TC12_CreatePatientwithinvalid_LLS"/>
</testsuite> <!-- com.paf.scripts.TC12_CreatePatientwithinvalid_LLS -->
