<?xml version="1.0" encoding="UTF-8"?>
<!-- Generated by org.testng.reporters.JUnitReportReporter -->
<testsuite hostname="PHQVMW7065" name="com.paf.poeprocess.TC3_RejectPOE_LLS" tests="1" failures="0" timestamp="27 Oct 2016 19:06:10 GMT" time="302.087" errors="0">
  <testcase name="test" time="302.087" classname="com.paf.poeprocess.TC3_RejectPOE_LLS"/>
</testsuite> <!-- com.paf.poeprocess.TC3_RejectPOE_LLS -->
