<?xml version="1.0" encoding="UTF-8"?>
<!-- Generated by org.testng.reporters.JUnitReportReporter -->
<testsuite hostname="PHQVMW7065" name="com.paf.scripts.POEClaim_CPR" tests="1" failures="0" timestamp="24 May 2016 15:21:51 GMT" time="93.927" errors="0">
  <testcase name="test" time="93.927" classname="com.paf.scripts.POEClaim_CPR"/>
</testsuite> <!-- com.paf.scripts.POEClaim_CPR -->
