<?xml version="1.0" encoding="UTF-8"?>
<!-- Generated by org.testng.reporters.JUnitReportReporter -->
<testsuite hostname="PHQVMW7065" name="com.paf.scripts.TC5_VerifyPOEAttachment" tests="1" failures="0" timestamp="30 Aug 2016 12:02:20 GMT" time="78.643" errors="0">
  <testcase name="test" time="78.643" classname="com.paf.scripts.TC5_VerifyPOEAttachment"/>
</testsuite> <!-- com.paf.scripts.TC5_VerifyPOEAttachment -->
