<?xml version="1.0" encoding="UTF-8"?>
<!-- Generated by org.testng.reporters.JUnitReportReporter -->
<testsuite hostname="PHQVMW7065" name="com.paf.scripts.TC8_Wrapupprocess_CPR" tests="1" failures="0" timestamp="22 Aug 2016 12:05:34 GMT" time="125.784" errors="0">
  <testcase name="test" time="125.784" classname="com.paf.scripts.TC8_Wrapupprocess_CPR"/>
</testsuite> <!-- com.paf.scripts.TC8_Wrapupprocess_CPR -->
