<?xml version="1.0" encoding="UTF-8"?>
<!-- Generated by org.testng.reporters.JUnitReportReporter -->
<testsuite hostname="PHQVMW7065" name="com.paf.scripts.TC2_Viewattachment" tests="1" failures="0" timestamp="26 Aug 2016 18:31:33 GMT" time="72.633" errors="0">
  <testcase name="test" time="72.633" classname="com.paf.scripts.TC2_Viewattachment"/>
</testsuite> <!-- com.paf.scripts.TC2_Viewattachment -->
