<?xml version="1.0" encoding="UTF-8"?>
<!-- Generated by org.testng.reporters.JUnitReportReporter -->
<testsuite hostname="PHQVMW7065" name="com.paf.applicationprocess.TC5_DecisionOverturn" tests="1" failures="0" timestamp="22 Sep 2016 14:40:26 GMT" time="185.145" errors="0">
  <testcase name="test" time="185.145" classname="com.paf.applicationprocess.TC5_DecisionOverturn"/>
</testsuite> <!-- com.paf.applicationprocess.TC5_DecisionOverturn -->
