<?xml version="1.0" encoding="UTF-8"?>
<!-- Generated by org.testng.reporters.JUnitReportReporter -->
<testsuite hostname="PHQVMW7065" name="com.paf.scripts.Sampletest" tests="1" failures="0" timestamp="14 Apr 2016 23:11:28 GMT" time="34.587" errors="0">
  <testcase name="test" time="34.587" classname="com.paf.scripts.Sampletest"/>
</testsuite> <!-- com.paf.scripts.Sampletest -->
