<?xml version="1.0" encoding="UTF-8"?>
<!-- Generated by org.testng.reporters.JUnitReportReporter -->
<testsuite hostname="PHQVMW7065" name="com.paf.scripts.Create_Application" tests="1" failures="0" timestamp="16 Jun 2016 16:33:46 GMT" time="225.254" errors="0">
  <testcase name="test" time="225.254" classname="com.paf.scripts.Create_Application"/>
</testsuite> <!-- com.paf.scripts.Create_Application -->
