<?xml version="1.0" encoding="UTF-8"?>
<!-- Generated by org.testng.reporters.JUnitReportReporter -->
<testsuite hostname="PHQVMW7065" name="com.paf.scripts.TC2_Viewattachment_CPR" tests="1" failures="0" timestamp="30 Aug 2016 12:02:20 GMT" time="88.362" errors="0">
  <testcase name="test" time="88.362" classname="com.paf.scripts.TC2_Viewattachment_CPR"/>
</testsuite> <!-- com.paf.scripts.TC2_Viewattachment_CPR -->
