<?xml version="1.0" encoding="UTF-8"?>
<!-- Generated by org.testng.reporters.JUnitReportReporter -->
<testsuite hostname="PHQVMW7065" name="com.paf.scripts.SearchPatient" tests="1" failures="0" timestamp="23 Jun 2016 19:20:54 GMT" time="100.576" errors="0">
  <testcase name="test" time="100.576" classname="com.paf.scripts.SearchPatient"/>
</testsuite> <!-- com.paf.scripts.SearchPatient -->
