<?xml version="1.0" encoding="UTF-8"?>
<!-- Generated by org.testng.reporters.JUnitReportReporter -->
<testsuite hostname="PHQVMW7065" name="com.paf.externalportals.TC1_CreateApplication_LLS" tests="1" failures="0" timestamp="20 Oct 2016 16:54:04 GMT" time="289.942" errors="0">
  <testcase name="test" time="289.942" classname="com.paf.externalportals.TC1_CreateApplication_LLS"/>
</testsuite> <!-- com.paf.externalportals.TC1_CreateApplication_LLS -->
