<?xml version="1.0" encoding="UTF-8"?>
<!-- Generated by org.testng.reporters.JUnitReportReporter -->
<testsuite hostname="PHQVMW7065" name="com.paf.scripts.Application_Intake" tests="1" failures="0" timestamp="24 May 2016 15:19:49 GMT" time="70.477" errors="0">
  <testcase name="test" time="70.477" classname="com.paf.scripts.Application_Intake"/>
</testsuite> <!-- com.paf.scripts.Application_Intake -->
