<?xml version="1.0" encoding="UTF-8"?>
<!-- Generated by org.testng.reporters.JUnitReportReporter -->
<testsuite hostname="PHQVMW7065" name="com.paf.scripts.TC1_Searchbypatientid" tests="1" failures="0" timestamp="12 Aug 2016 14:14:33 GMT" time="79.086" errors="0">
  <testcase name="test" time="79.086" classname="com.paf.scripts.TC1_Searchbypatientid"/>
</testsuite> <!-- com.paf.scripts.TC1_Searchbypatientid -->
