<?xml version="1.0" encoding="UTF-8"?>
<!-- Generated by org.testng.reporters.JUnitReportReporter -->
<testsuite hostname="PHQVMW7065" name="com.paf.applicationprocess.TC3_Transactionlog" tests="1" failures="0" timestamp="24 Oct 2016 15:04:21 GMT" time="63.020" errors="0">
  <testcase name="test" time="63.020" classname="com.paf.applicationprocess.TC3_Transactionlog"/>
</testsuite> <!-- com.paf.applicationprocess.TC3_Transactionlog -->
