<?xml version="1.0" encoding="UTF-8"?>
<!-- Generated by org.testng.reporters.JUnitReportReporter -->
<testsuite hostname="B2ML07078" name="Example.Login" tests="1" failures="0" timestamp="19 Oct 2014 08:41:15 GMT" time="9.855" errors="0">
  <testcase name="Login" time="9.855" classname="Example.Login"/>
</testsuite> <!-- Example.Login -->
