<?xml version="1.0" encoding="UTF-8"?>
<!-- Generated by org.testng.reporters.JUnitReportReporter -->
<testsuite hostname="PHQVMW7065" name="com.paf.applicationprocess.TC1_CreateApplication_CPR" tests="1" failures="0" timestamp="24 Oct 2016 15:04:21 GMT" time="500.409" errors="0">
  <testcase name="test" time="500.409" classname="com.paf.applicationprocess.TC1_CreateApplication_CPR"/>
</testsuite> <!-- com.paf.applicationprocess.TC1_CreateApplication_CPR -->
