<?xml version="1.0" encoding="UTF-8"?>
<!-- Generated by org.testng.reporters.JUnitReportReporter -->
<testsuite hostname="PHQVMW7065" name="com.paf.scripts.POE_Internal" tests="1" failures="0" timestamp="10 Jun 2016 16:40:15 GMT" time="159.776" errors="0">
  <testcase name="test" time="159.776" classname="com.paf.scripts.POE_Internal"/>
</testsuite> <!-- com.paf.scripts.POE_Internal -->
