<?xml version="1.0" encoding="UTF-8"?>
<!-- Generated by org.testng.reporters.JUnitReportReporter -->
<testsuite hostname="PHQVMW7065" name="com.paf.scripts.TC1_Attachsingledoc_CPR" tests="1" failures="0" timestamp="26 Aug 2016 15:43:52 GMT" time="98.534" errors="0">
  <testcase name="test" time="98.534" classname="com.paf.scripts.TC1_Attachsingledoc_CPR"/>
</testsuite> <!-- com.paf.scripts.TC1_Attachsingledoc_CPR -->
