<?xml version="1.0" encoding="UTF-8"?>
<!-- Generated by org.testng.reporters.JUnitReportReporter -->
<testsuite hostname="LAPTOP-AITJL72C" name="com.paf.scripts.Demo" tests="1" failures="0" timestamp="10 Dec 2017 20:12:03 GMT" time="53.072" errors="0">
  <testcase name="demo_toolsqa" time="53.072" classname="com.paf.scripts.Demo"/>
</testsuite> <!-- com.paf.scripts.Demo -->
