<?xml version="1.0" encoding="UTF-8"?>
<!-- Generated by org.testng.reporters.JUnitReportReporter -->
<testsuite hostname="PHQVMW7065" name="com.paf.scripts.POE_Internal_unittesting" tests="1" failures="0" timestamp="13 Jun 2016 16:44:18 GMT" time="171.612" errors="0">
  <testcase name="test" time="171.612" classname="com.paf.scripts.POE_Internal_unittesting"/>
</testsuite> <!-- com.paf.scripts.POE_Internal_unittesting -->
