<?xml version="1.0" encoding="UTF-8"?>
<!-- Generated by org.testng.reporters.JUnitReportReporter -->
<testsuite hostname="PHQVMW7065" name="com.paf.scripts.POE_details" tests="1" failures="0" timestamp="22 Jun 2016 18:01:28 GMT" time="207.984" errors="0">
  <testcase name="test" time="207.984" classname="com.paf.scripts.POE_details"/>
</testsuite> <!-- com.paf.scripts.POE_details -->
