<?xml version="1.0" encoding="UTF-8"?>
<!-- Generated by org.testng.reporters.JUnitReportReporter -->
<testsuite hostname="PHQVMW7065" name="com.paf.scripts.TC8_Searchbyinvalidinput_CPR" tests="1" failures="0" timestamp="12 Aug 2016 19:07:22 GMT" time="140.707" errors="0">
  <testcase name="test" time="140.707" classname="com.paf.scripts.TC8_Searchbyinvalidinput_CPR"/>
</testsuite> <!-- com.paf.scripts.TC8_Searchbyinvalidinput_CPR -->
