<?xml version="1.0" encoding="UTF-8"?>
<!-- Generated by org.testng.reporters.JUnitReportReporter -->
<testsuite hostname="PHQVMW7065" name="com.paf.scripts.TC1_Attachsingleedoc_CPR" tests="1" failures="0" timestamp="29 Aug 2016 19:34:02 GMT" time="76.563" errors="0">
  <testcase name="test" time="76.563" classname="com.paf.scripts.TC1_Attachsingleedoc_CPR"/>
</testsuite> <!-- com.paf.scripts.TC1_Attachsingleedoc_CPR -->
