<?xml version="1.0" encoding="UTF-8"?>
<!-- Generated by org.testng.reporters.JUnitReportReporter -->
<testsuite hostname="LAPTOP-AITJL72C" name="com.paf.scripts.TC1_Gmail_login" tests="1" failures="0" timestamp="13 May 2018 11:18:57 GMT" time="39.999" errors="0">
  <testcase name="test" time="39.999" classname="com.paf.scripts.TC1_Gmail_login"/>
</testsuite> <!-- com.paf.scripts.TC1_Gmail_login -->
