<?xml version="1.0" encoding="UTF-8"?>
<!-- Generated by org.testng.reporters.JUnitReportReporter -->
<testsuite hostname="PHQVMW7065" name="com.paf.applicationprocess.TC4_FollowUp" tests="1" failures="0" timestamp="19 Sep 2016 19:47:29 GMT" time="124.573" errors="0">
  <testcase name="test" time="124.573" classname="com.paf.applicationprocess.TC4_FollowUp"/>
</testsuite> <!-- com.paf.applicationprocess.TC4_FollowUp -->
