<?xml version="1.0" encoding="UTF-8"?>
<!-- Generated by org.testng.reporters.JUnitReportReporter -->
<testsuite hostname="LAPTOP-AITJL72C" name="com.paf.scripts.Writelog" tests="1" failures="0" timestamp="26 Sep 2017 20:24:11 GMT" time="0.067" errors="0">
  <testcase name="test" time="0.067" classname="com.paf.scripts.Writelog"/>
</testsuite> <!-- com.paf.scripts.Writelog -->
