<?xml version="1.0" encoding="UTF-8"?>
<!-- Generated by org.testng.reporters.JUnitReportReporter -->
<testsuite hostname="B2ML07078" name="Example.Linux" tests="2" failures="0" timestamp="19 Oct 2014 11:19:05 GMT" time="54.597" errors="0">
  <testcase name="RunInFirefox" time="27.582" classname="Example.Linux"/>
  <testcase name="RunInFirefox" time="27.015" classname="Example.Linux"/>
</testsuite> <!-- Example.Linux -->
