<?xml version="1.0" encoding="UTF-8"?>
<!-- Generated by org.testng.reporters.JUnitReportReporter -->
<testsuite hostname="PHQVMW7065" name="com.paf.scripts.CreatePatientwithinvalid_CPR" tests="1" failures="0" timestamp="11 Aug 2016 16:04:50 GMT" time="163.727" errors="0">
  <testcase name="test" time="163.727" classname="com.paf.scripts.CreatePatientwithinvalid_CPR"/>
</testsuite> <!-- com.paf.scripts.CreatePatientwithinvalid_CPR -->
