<?xml version="1.0" encoding="UTF-8"?>
<!-- Generated by org.testng.reporters.JUnitReportReporter -->
<testsuite hostname="PHQVMW7065" name="com.paf.applicationprocess.TC3_RejectApplication" tests="1" failures="0" timestamp="19 Sep 2016 18:15:48 GMT" time="123.681" errors="0">
  <testcase name="test" time="123.681" classname="com.paf.applicationprocess.TC3_RejectApplication"/>
</testsuite> <!-- com.paf.applicationprocess.TC3_RejectApplication -->
