<?xml version="1.0" encoding="UTF-8"?>
<!-- Generated by org.testng.reporters.JUnitReportReporter -->
<testsuite hostname="PHQVMW7065" name="com.paf.scripts.TC1_SearchPatientbypatientid_LLS" tests="1" failures="0" timestamp="25 Aug 2016 18:19:45 GMT" time="85.596" errors="0">
  <testcase name="test" time="85.596" classname="com.paf.scripts.TC1_SearchPatientbypatientid_LLS"/>
</testsuite> <!-- com.paf.scripts.TC1_SearchPatientbypatientid_LLS -->
