<?xml version="1.0" encoding="UTF-8"?>
<!-- Generated by org.testng.reporters.JUnitReportReporter -->
<testsuite hostname="PHQVMW7065" name="com.paf.externalportals.TC3_CreatePOE" tests="1" failures="0" timestamp="20 Oct 2016 16:54:04 GMT" time="153.023" errors="0">
  <testcase name="test" time="153.023" classname="com.paf.externalportals.TC3_CreatePOE"/>
</testsuite> <!-- com.paf.externalportals.TC3_CreatePOE -->
