<?xml version="1.0" encoding="UTF-8"?>
<!-- Generated by org.testng.reporters.JUnitReportReporter -->
<testsuite hostname="PHQVMW7065" name="com.paf.poeprocess.TC1_POE_LLS" tests="1" failures="0" timestamp="27 Oct 2016 18:18:42 GMT" time="228.132" errors="0">
  <testcase name="test" time="228.132" classname="com.paf.poeprocess.TC1_POE_LLS"/>
</testsuite> <!-- com.paf.poeprocess.TC1_POE_LLS -->
