<?xml version="1.0" encoding="UTF-8"?>
<!-- Generated by org.testng.reporters.JUnitReportReporter -->
<testsuite hostname="PHQVMW7065" name="com.paf.patientintents.TC12_CreatePatientwithinvalid_LLS" tests="1" failures="0" timestamp="21 Oct 2016 15:09:54 GMT" time="126.899" errors="0">
  <testcase name="test" time="126.899" classname="com.paf.patientintents.TC12_CreatePatientwithinvalid_LLS"/>
</testsuite> <!-- com.paf.patientintents.TC12_CreatePatientwithinvalid_LLS -->
