<?xml version="1.0" encoding="UTF-8"?>
<!-- Generated by org.testng.reporters.JUnitReportReporter -->
<testsuite hostname="B2ML07078" name="Example.Register" tests="1" failures="0" timestamp="19 Oct 2014 08:41:15 GMT" time="11.592" errors="0">
  <testcase name="reg" time="11.592" classname="Example.Register"/>
</testsuite> <!-- Example.Register -->
