<?xml version="1.0" encoding="UTF-8"?>
<!-- Generated by org.testng.reporters.JUnitReportReporter -->
<testsuite hostname="PHQVMW7065" name="com.paf.poeprocess.TC2_ApprovePOE_LLS" tests="1" failures="0" timestamp="27 Oct 2016 18:29:46 GMT" time="92.718" errors="0">
  <testcase name="test" time="92.718" classname="com.paf.poeprocess.TC2_ApprovePOE_LLS"/>
</testsuite> <!-- com.paf.poeprocess.TC2_ApprovePOE_LLS -->
