<?xml version="1.0" encoding="UTF-8"?>
<!-- Generated by org.testng.reporters.JUnitReportReporter -->
<testsuite hostname="LAPTOP-AITJL72C" name="com.paf.scripts.TC1_Gmail_login1" tests="1" failures="0" timestamp="21 May 2017 02:22:54 GMT" time="17.918" errors="0">
  <testcase name="test" time="17.918" classname="com.paf.scripts.TC1_Gmail_login1"/>
</testsuite> <!-- com.paf.scripts.TC1_Gmail_login1 -->
