<?xml version="1.0" encoding="UTF-8"?>
<!-- Generated by org.testng.reporters.JUnitReportReporter -->
<testsuite hostname="B2ML07078" name="example.AccessDB" tests="1" failures="0" timestamp="7 Nov 2014 13:18:15 GMT" time="0.011" errors="0">
  <testcase name="f" time="0.011" classname="example.AccessDB"/>
</testsuite> <!-- example.AccessDB -->
