<?xml version="1.0" encoding="UTF-8"?>
<!-- Generated by org.testng.reporters.JUnitReportReporter -->
<testsuite hostname="PHQVMW7065" name="com.paf.scripts.TC7_Searchbyinvalidinput_LLS" tests="1" failures="0" timestamp="22 Aug 2016 19:47:36 GMT" time="75.886" errors="0">
  <testcase name="test" time="75.886" classname="com.paf.scripts.TC7_Searchbyinvalidinput_LLS"/>
</testsuite> <!-- com.paf.scripts.TC7_Searchbyinvalidinput_LLS -->
