<?xml version="1.0" encoding="UTF-8"?>
<!-- Generated by org.testng.reporters.JUnitReportReporter -->
<testsuite hostname="PHQVMW7065" name="com.paf.scripts.PAF_Environment_Setup" tests="1" failures="0" timestamp="23 Jun 2016 19:20:54 GMT" time="0.001" errors="1">
  <testcase name="test" time="0.001" classname="com.paf.scripts.PAF_Environment_Setup"/>
</testsuite> <!-- com.paf.scripts.PAF_Environment_Setup -->
