<?xml version="1.0" encoding="UTF-8"?>
<!-- Generated by org.testng.reporters.JUnitReportReporter -->
<testsuite hostname="PHQVMW7065" name="com.paf.scripts.TC10_VerifyLandingPage_LLS" tests="1" failures="0" timestamp="22 Aug 2016 20:20:56 GMT" time="94.934" errors="0">
  <testcase name="test" time="94.934" classname="com.paf.scripts.TC10_VerifyLandingPage_LLS"/>
</testsuite> <!-- com.paf.scripts.TC10_VerifyLandingPage_LLS -->
