<?xml version="1.0" encoding="UTF-8"?>
<!-- Generated by org.testng.reporters.JUnitReportReporter -->
<testsuite hostname="PHQVMW7065" name="com.paf.poeprocess.TC3_RejectPOE" tests="1" failures="0" timestamp="27 Oct 2016 16:28:10 GMT" time="328.639" errors="0">
  <testcase name="test" time="328.639" classname="com.paf.poeprocess.TC3_RejectPOE"/>
</testsuite> <!-- com.paf.poeprocess.TC3_RejectPOE -->
