<?xml version="1.0" encoding="UTF-8"?>
<!-- Generated by org.testng.reporters.JUnitReportReporter -->
<testsuite hostname="PHQVMW7065" name="com.paf.poeprocess.TC1_POE_CPR" tests="1" failures="0" timestamp="27 Oct 2016 15:17:49 GMT" time="233.128" errors="0">
  <testcase name="test" time="233.128" classname="com.paf.poeprocess.TC1_POE_CPR"/>
</testsuite> <!-- com.paf.poeprocess.TC1_POE_CPR -->
