<?xml version="1.0" encoding="UTF-8"?>
<!-- Generated by org.testng.reporters.JUnitReportReporter -->
<testsuite hostname="PHQVMW7065" name="com.paf.scripts.TC3_SearchPatientbypatientname_LLS" tests="1" failures="0" timestamp="22 Aug 2016 19:06:16 GMT" time="84.067" errors="0">
  <testcase name="test" time="84.067" classname="com.paf.scripts.TC3_SearchPatientbypatientname_LLS"/>
</testsuite> <!-- com.paf.scripts.TC3_SearchPatientbypatientname_LLS -->
