<?xml version="1.0" encoding="UTF-8"?>
<!-- Generated by org.testng.reporters.JUnitReportReporter -->
<testsuite hostname="PHQVMW7065" name="com.paf.scripts.TC3_Attchmultipledoc_CPR" tests="1" failures="0" timestamp="29 Aug 2016 19:38:46 GMT" time="123.602" errors="0">
  <testcase name="test" time="123.602" classname="com.paf.scripts.TC3_Attchmultipledoc_CPR"/>
</testsuite> <!-- com.paf.scripts.TC3_Attchmultipledoc_CPR -->
