<?xml version="1.0" encoding="UTF-8"?>
<!-- Generated by org.testng.reporters.JUnitReportReporter -->
<testsuite hostname="PHQVMW7065" name="com.paf.documentrouting.TC1_Attachsingleedoc_LLS" tests="1" failures="0" timestamp="24 Oct 2016 13:59:00 GMT" time="58.739" errors="0">
  <testcase name="test" time="58.739" classname="com.paf.documentrouting.TC1_Attachsingleedoc_LLS"/>
</testsuite> <!-- com.paf.documentrouting.TC1_Attachsingleedoc_LLS -->
