<?xml version="1.0" encoding="UTF-8"?>
<!-- Generated by org.testng.reporters.JUnitReportReporter -->
<testsuite hostname="PHQVMW7065" name="com.paf.documentrouting.TC1_Attachsingleedoc_CPR" tests="1" failures="0" timestamp="24 Oct 2016 13:59:00 GMT" time="66.177" errors="0">
  <testcase name="test" time="66.177" classname="com.paf.documentrouting.TC1_Attachsingleedoc_CPR"/>
</testsuite> <!-- com.paf.documentrouting.TC1_Attachsingleedoc_CPR -->
