<?xml version="1.0" encoding="UTF-8"?>
<!-- Generated by org.testng.reporters.JUnitReportReporter -->
<testsuite hostname="B2ML07078" name="Example.Macclass" tests="2" failures="0" timestamp="19 Oct 2014 11:19:05 GMT" time="27.203" errors="0">
  <testcase name="RunInFirefox" time="15.891" classname="Example.Macclass"/>
  <testcase name="RunInFirefox" time="11.312" classname="Example.Macclass"/>
</testsuite> <!-- Example.Macclass -->
