<?xml version="1.0" encoding="UTF-8"?>
<!-- Generated by org.testng.reporters.JUnitReportReporter -->
<testsuite hostname="PHQVMW7065" name="com.paf.scripts.TC5_SearchPatientbypatientSSN_CPR" tests="1" failures="0" timestamp="22 Aug 2016 03:45:49 GMT" time="91.423" errors="0">
  <testcase name="test" time="91.423" classname="com.paf.scripts.TC5_SearchPatientbypatientSSN_CPR"/>
</testsuite> <!-- com.paf.scripts.TC5_SearchPatientbypatientSSN_CPR -->
