<?xml version="1.0" encoding="UTF-8"?>
<!-- Generated by org.testng.reporters.JUnitReportReporter -->
<testsuite hostname="PHQVMW7065" name="com.paf.scripts.TC1_SearchPatientbyPatientids_CPR" tests="1" failures="0" timestamp="12 Aug 2016 14:41:28 GMT" time="80.008" errors="0">
  <testcase name="test" time="80.008" classname="com.paf.scripts.TC1_SearchPatientbyPatientids_CPR"/>
</testsuite> <!-- com.paf.scripts.TC1_SearchPatientbyPatientids_CPR -->
