<?xml version="1.0" encoding="UTF-8"?>
<!-- Generated by org.testng.reporters.JUnitReportReporter -->
<testsuite hostname="PHQVMW7065" name="com.paf.scripts.TC4_AttachPOE_CPR" tests="1" failures="0" timestamp="29 Aug 2016 19:48:22 GMT" time="125.659" errors="0">
  <testcase name="test" time="125.659" classname="com.paf.scripts.TC4_AttachPOE_CPR"/>
</testsuite> <!-- com.paf.scripts.TC4_AttachPOE_CPR -->
