<?xml version="1.0" encoding="UTF-8"?>
<!-- Generated by org.testng.reporters.JUnitReportReporter -->
<testsuite hostname="PHQVMW7065" name="com.paf.scripts.ietest" tests="1" failures="0" timestamp="29 Apr 2016 13:14:52 GMT" time="27.893" errors="0">
  <testcase name="test" time="27.893" classname="com.paf.scripts.ietest"/>
</testsuite> <!-- com.paf.scripts.ietest -->
