<?xml version="1.0" encoding="UTF-8"?>
<!-- Generated by org.testng.reporters.JUnitReportReporter -->
<testsuite hostname="PHQVMW7065" name="com.paf.externalportals.TC2_Uploaddocument_LLS" tests="1" failures="0" timestamp="20 Oct 2016 16:54:04 GMT" time="98.634" errors="0">
  <testcase name="test" time="98.634" classname="com.paf.externalportals.TC2_Uploaddocument_LLS"/>
</testsuite> <!-- com.paf.externalportals.TC2_Uploaddocument_LLS -->
