<?xml version="1.0" encoding="UTF-8"?>
<!-- Generated by org.testng.reporters.JUnitReportReporter -->
<testsuite hostname="DESKTOP-P0KI3EM" name="com.paf.wrappermethods.Sampletest" tests="1" failures="0" timestamp="11 Apr 2016 15:55:24 GMT" time="11.370" errors="0">
  <testcase name="test" time="11.370" classname="com.paf.wrappermethods.Sampletest"/>
</testsuite> <!-- com.paf.wrappermethods.Sampletest -->
