<?xml version="1.0" encoding="UTF-8"?>
<!-- Generated by org.testng.reporters.JUnitReportReporter -->
<testsuite hostname="PHQVMW7065" name="com.paf.scripts.Create_patient" tests="1" failures="0" timestamp="17 Jun 2016 15:52:19 GMT" time="247.654" errors="0">
  <testcase name="test" time="247.654" classname="com.paf.scripts.Create_patient"/>
</testsuite> <!-- com.paf.scripts.Create_patient -->
