<?xml version="1.0" encoding="UTF-8"?>
<!-- Generated by org.testng.reporters.JUnitReportReporter -->
<testsuite hostname="B2ML07078" name="example.Oct18" tests="1" failures="0" timestamp="3 Apr 2015 14:41:41 GMT" time="0.010" errors="0">
  <testcase name="f" time="0.010" classname="example.Oct18"/>
</testsuite> <!-- example.Oct18 -->
