<?xml version="1.0" encoding="UTF-8"?>
<!-- Generated by org.testng.reporters.JUnitReportReporter -->
<testsuite hostname="PHQVMW7065" name="com.paf.scripts.TC9_VerifyInteractions_CPR" tests="1" failures="0" timestamp="22 Aug 2016 13:12:12 GMT" time="103.728" errors="0">
  <testcase name="test" time="103.728" classname="com.paf.scripts.TC9_VerifyInteractions_CPR"/>
</testsuite> <!-- com.paf.scripts.TC9_VerifyInteractions_CPR -->
