<?xml version="1.0" encoding="UTF-8"?>
<!-- Generated by org.testng.reporters.JUnitReportReporter -->
<testsuite hostname="PHQVMW7065" name="com.paf.patientintents.Logintest_Chrome" tests="1" failures="0" timestamp="5 Oct 2016 16:26:29 GMT" time="347.549" errors="0">
  <testcase name="test" time="347.549" classname="com.paf.patientintents.Logintest_Chrome"/>
</testsuite> <!-- com.paf.patientintents.Logintest_Chrome -->
