<?xml version="1.0" encoding="UTF-8"?>
<!-- Generated by org.testng.reporters.JUnitReportReporter -->
<testsuite hostname="PHQVMW7065" name="com.paf.externalportals.CreateApp_LLS" tests="22" failures="0" timestamp="26 Oct 2016 15:26:20 GMT" time="8374.250" errors="0">
  <testcase name="test" time="416.163" classname="com.paf.externalportals.CreateApp_LLS"/>
  <testcase name="test" time="350.080" classname="com.paf.externalportals.CreateApp_LLS"/>
  <testcase name="test" time="366.045" classname="com.paf.externalportals.CreateApp_LLS"/>
  <testcase name="test" time="374.629" classname="com.paf.externalportals.CreateApp_LLS"/>
  <testcase name="test" time="430.223" classname="com.paf.externalportals.CreateApp_LLS"/>
  <testcase name="test" time="406.285" classname="com.paf.externalportals.CreateApp_LLS"/>
  <testcase name="test" time="368.949" classname="com.paf.externalportals.CreateApp_LLS"/>
  <testcase name="test" time="352.286" classname="com.paf.externalportals.CreateApp_LLS"/>
  <testcase name="test" time="363.541" classname="com.paf.externalportals.CreateApp_LLS"/>
  <testcase name="test" time="389.633" classname="com.paf.externalportals.CreateApp_LLS"/>
  <testcase name="test" time="377.938" classname="com.paf.externalportals.CreateApp_LLS"/>
  <testcase name="test" time="402.799" classname="com.paf.externalportals.CreateApp_LLS"/>
  <testcase name="test" time="343.261" classname="com.paf.externalportals.CreateApp_LLS"/>
  <testcase name="test" time="342.251" classname="com.paf.externalportals.CreateApp_LLS"/>
  <testcase name="test" time="375.903" classname="com.paf.externalportals.CreateApp_LLS"/>
  <testcase name="test" time="368.117" classname="com.paf.externalportals.CreateApp_LLS"/>
  <testcase name="test" time="415.821" classname="com.paf.externalportals.CreateApp_LLS"/>
  <testcase name="test" time="377.803" classname="com.paf.externalportals.CreateApp_LLS"/>
  <testcase name="test" time="373.545" classname="com.paf.externalportals.CreateApp_LLS"/>
  <testcase name="test" time="366.235" classname="com.paf.externalportals.CreateApp_LLS"/>
  <testcase name="test" time="422.395" classname="com.paf.externalportals.CreateApp_LLS"/>
  <testcase name="test" time="390.348" classname="com.paf.externalportals.CreateApp_LLS"/>
</testsuite> <!-- com.paf.externalportals.CreateApp_LLS -->
